12/06/23 17:30:00.986 [11908][10472]: MetaAppConn::SetandCheckInputPara ====> (MetaApp_ConnObj.cpp:196)
12/06/23 17:30:00.986 [11908][10472]: binaryStructSize:500, argStructSize:500 (MetaApp_ConnObj.cpp:246)
12/06/23 17:30:00.986 [11908][10472]: byPassModemAction:false (MetaApp_ConnObj.cpp:204)
12/06/23 17:30:00.986 [11908][10472]: current thread slot:0 (MetaApp_ConnObj.cpp:205)
12/06/23 17:30:00.986 [11908][10472]: autoScanPort:false (MetaApp_ConnObj.cpp:206)
12/06/23 17:30:00.986 [11908][10472]: stopFlag    :0 (MetaApp_ConnObj.cpp:207)
12/06/23 17:30:00.986 [11908][10472]: connectType :1(enum:uart=0;usb=1;wifi=2;) (MetaApp_ConnObj.cpp:208)
12/06/23 17:30:00.986 [11908][10472]: connectMode :2(enum:boot meta=0;already in meta=1;atm mode=2) (MetaApp_ConnObj.cpp:209)
12/06/23 17:30:00.986 [11908][10472]: uTimeOutMs  :50000 (MetaApp_ConnObj.cpp:210)
12/06/23 17:30:00.986 [11908][10472]: (bootSetting)bEnableAdbDevice :false (MetaApp_ConnObj.cpp:212)
12/06/23 17:30:00.986 [11908][10472]: (bootSetting)uPortNumber :57 (MetaApp_ConnObj.cpp:213)
12/06/23 17:30:00.986 [11908][10472]: (bootSetting)uMDMode :49152 (MetaApp_ConnObj.cpp:214)
12/06/23 17:30:00.986 [11908][10472]: (m_KernelConnSetting)kernelComPort :57 (MetaApp_ConnObj.cpp:216)
12/06/23 17:30:00.986 [11908][10472]: (m_KernelConnSetting)DbFile From DUT :true (MetaApp_ConnObj.cpp:217)
12/06/23 17:30:00.986 [11908][10472]: (m_KernelConnSetting)pApDbFilePath : (MetaApp_ConnObj.cpp:218)
12/06/23 17:30:00.986 [11908][10472]: (m_KernelConnSetting)pMdDbFilePath : (MetaApp_ConnObj.cpp:219)
12/06/23 17:30:00.986 [11908][10472]: (m_KernelConnSetting)pMdDbFilePath1 : (MetaApp_ConnObj.cpp:220)
12/06/23 17:30:00.986 [11908][10472]: (m_MetaDllLogSetting)enableDllLog:true (MetaApp_ConnObj.cpp:222)
12/06/23 17:30:00.986 [11908][10472]: (m_MetaDllLogSetting)enableUartLog:false (MetaApp_ConnObj.cpp:223)
12/06/23 17:30:00.986 [11908][10472]: (m_MetaDllLogSetting)enablePcUsbDriverLog:false (MetaApp_ConnObj.cpp:224)
12/06/23 17:30:00.986 [11908][10472]: (m_MetaDllLogSetting)iMDLoggEnable:0(0 disable; 1:ELT Port output 2:Modem log in SD card) (MetaApp_ConnObj.cpp:225)
12/06/23 17:30:00.986 [11908][10472]: (m_MetaDllLogSetting)iMobileLogEnable:0(0 disable; 1:ELT Port output 2:Modem log in SD card) (MetaApp_ConnObj.cpp:226)
12/06/23 17:30:00.986 [11908][10472]: (m_MetaDllLogSetting)iConnsysLogEnable:0(0 disable; 1:ELT Port output 2:Modem log in SD card) (MetaApp_ConnObj.cpp:227)
12/06/23 17:30:00.986 [11908][10472]: (m_MetaDllLogSetting)IP:192.168.43.108 (MetaApp_ConnObj.cpp:228)
12/06/23 17:30:00.986 [11908][10472]: (m_MetaDllLogSetting)pcbSnNumber:0085545782_23-12-06--17-30-00 (MetaApp_ConnObj.cpp:229)
12/06/23 17:30:00.986 [11908][10472]: (m_MetaDllLogSetting)logSavePath:C:\prod\log (MetaApp_ConnObj.cpp:230)
12/06/23 17:30:00.986 [11908][10472]: (m_FilterSetting)brom:VID_0E8D&PID_0003 (MetaApp_ConnObj.cpp:232)
12/06/23 17:30:00.986 [11908][10472]: (m_FilterSetting)preloader:VID_0E8D&PID_2000 VID_22D9&PID_0006 (MetaApp_ConnObj.cpp:233)
12/06/23 17:30:00.986 [11908][10472]: (m_FilterSetting)kernel:VID_22B8&PID_2E2D&MI_02 (MetaApp_ConnObj.cpp:234)
12/06/23 17:30:00.986 [11908][10472]: MetaAppConn::SetandCheckInputPara <==== (MetaApp_ConnObj.cpp:238)
12/06/23 17:30:00.986 [11908][10472]: MetaAppConn::ConnectAPAllInOne ====> (MetaApp_ConnObj.cpp:752)
12/06/23 17:30:00.986 [11908][10472]: MetaAppConn::SetLogHandleByMetaHandle ====> (MetaApp_ConnObj.cpp:435)
12/06/23 17:30:00.986 [11908][10472]: MetaAppConn::OpenMetaDllLog ====> (MetaApp_ConnObj.cpp:352)
12/06/23 17:30:00.995 [11908][10472]: MetaAppConn::OpenMetaDllLog <==== (MetaApp_ConnObj.cpp:393)
12/06/23 17:30:00.995 [11908][10472]: MetaAppConn::SetLogHandleByMetaHandle <==== (MetaApp_ConnObj.cpp:445)
12/06/23 17:30:00.995 [11908][10472]: PrintMetaTime kernel Port Scan begin... (MetaApp_ConnObj.cpp:844)
12/06/23 17:30:02.015 [11908][10472]: PrintMetaTime kernel Port Scan end:1.015000 (MetaApp_ConnObj.cpp:890)
12/06/23 17:30:02.015 [11908][10472]: MetaAppConn::ConnectAP ====> (MetaApp_ConnObj.cpp:3156)
12/06/23 17:30:02.015 [11908][10472]: PrintMetaTime Connect AP begin... (MetaApp_ConnObj.cpp:3159)
12/06/23 17:30:02.015 [11908][10472]: SP_META_ConnectInMetaModeByUSB_r hMDHandle=0 (MetaApp_ConnObj.cpp:3181)
12/06/23 17:30:02.115 [11908][10472]: MetaAppConn::ConnectAP <==== (MetaApp_ConnObj.cpp:3216)
12/06/23 17:30:02.115 [11908][10472]: MetaAppConn::GetSPModemInfo ====> (MetaApp_ConnObj.cpp:2937)
12/06/23 17:30:02.335 [11908][10472]: MetaAppConn::QueryCurrActiveMDTypeInfo ====> (MetaApp_ConnObj.cpp:2887)
12/06/23 17:30:02.395 [11908][10472]: MetaAppConn::QueryCurrActiveMDTypeInfo <==== (MetaApp_ConnObj.cpp:2931)
12/06/23 17:30:02.395 [11908][10472]: MetaAppConn::GetSPModemInfo <==== (MetaApp_ConnObj.cpp:3059)
12/06/23 17:30:02.395 [11908][10472]: MetaAppConn::HandleApDB ====> (MetaApp_ConnObj.cpp:559)
12/06/23 17:30:02.445 [11908][10472]: Chip name MT6879 (MetaApp_ConnObj.cpp:600)
12/06/23 17:30:02.445 [11908][10472]: MetaAppConn::GetDUTPlatform ====> (MetaApp_ConnObj.cpp:531)
12/06/23 17:30:02.445 [11908][10472]: Can't recognize the chip MT6879, use default paltform 3. (MetaApp_ConnObj.cpp:546)
12/06/23 17:30:02.445 [11908][10472]: MetaAppConn::GetDUTPlatform <==== (MetaApp_ConnObj.cpp:553)
12/06/23 17:30:02.445 [11908][10472]: MetaAppConn::HandleApDB <==== (MetaApp_ConnObj.cpp:652)
12/06/23 17:30:02.445 [11908][10472]: PrintMetaTime Connect AP end:0.438000 (MetaApp_ConnObj.cpp:935)
12/06/23 17:30:02.445 [11908][10472]: MetaAppConn::CheckApDbVersion ====> (MetaApp_ConnObj.cpp:3371)
12/06/23 17:30:02.545 [11908][10472]: MetaAppConn::CheckApDbVersion <==== (MetaApp_ConnObj.cpp:3386)
12/06/23 17:30:02.545 [11908][10472]: MetaAppConn::ConnectAPAllInOne <==== (MetaApp_ConnObj.cpp:956)
12/06/23 17:30:02.545 [11908][10472]: MetaAppConn::APToModem ====> (MetaApp_ConnObj.cpp:2014)
12/06/23 17:30:02.545 [11908][10472]: MetaAppConn::RebootMD ====> (MetaApp_ConnObj.cpp:275)
12/06/23 17:30:02.545 [11908][10472]: modem_index(0)[0: Send AT command to modem1   2: Send AT command to modem3] (MetaApp_ConnObj.cpp:284)
12/06/23 17:30:02.545 [11908][10472]: mode(2)[1: Reboot to normal mode	 2: Reboot to meta mode ] (MetaApp_ConnObj.cpp:285)
12/06/23 17:30:03.084 [11908][10472]: MetaAppConn::RebootMD <==== (MetaApp_ConnObj.cpp:292)
12/06/23 17:30:03.084 [11908][10472]: MetaAppConn::ConnectToModem ====> (MetaApp_ConnObj.cpp:1924)
12/06/23 17:30:03.084 [11908][10472]: PrintMetaTime Md handshake begin... (MetaApp_ConnObj.cpp:1931)
12/06/23 17:30:03.324 [11908][10472]: PrintMetaTime Md handshake end:0.234000 (MetaApp_ConnObj.cpp:1998)
12/06/23 17:30:03.324 [11908][10472]: PrintMetaTime Total Connect Meta Time:2.328000 (MetaApp_ConnObj.cpp:1999)
12/06/23 17:30:03.324 [11908][10472]: MetaAppConn::ConnectToModem <==== (MetaApp_ConnObj.cpp:2007)
12/06/23 17:30:03.324 [11908][10472]: MetaAppConn::HandleMdDB ====> (MetaApp_ConnObj.cpp:663)
12/06/23 17:30:03.354 [11908][10472]: MetaAppConn::HandleMdDB <==== (MetaApp_ConnObj.cpp:746)
12/06/23 17:30:03.354 [11908][10472]: MetaAppConn::SetMMC2KInfo ====> (MetaApp_ConnObj.cpp:1405)
12/06/23 17:30:03.394 [11908][10472]: META_MMC2K_SetTargetGenType_r(0)[1:93;0:Other]  (MetaApp_ConnObj.cpp:1445)
12/06/23 17:30:03.394 [11908][10472]: MetaAppConn::SetMMC2KInfo <==== (MetaApp_ConnObj.cpp:1468)
12/06/23 17:30:03.394 [11908][10472]: Record Modem status LWCTG (MetaApp_ConnObj.cpp:1508)
12/06/23 17:30:03.394 [11908][10472]: MetaAppConn::CheckMdDbVersion ====> (MetaApp_ConnObj.cpp:3392)
12/06/23 17:30:03.434 [11908][10472]: MetaAppConn::CheckMdDbVersion <==== (MetaApp_ConnObj.cpp:3405)
12/06/23 17:30:03.434 [11908][10472]: MetaAppConn::SetModemFilterToTarget() (MetaApp_ConnObj.cpp:2106)
12/06/23 17:30:03.434 [11908][10472]: MetaAppConn::APToModem <==== (MetaApp_ConnObj.cpp:2068)
12/06/23 17:34:27.201 [11908][10472]: MetaAppConn::ModemToAp ====> (MetaApp_ConnObj.cpp:2202)
12/06/23 17:34:27.201 [11908][10472]: MetaAppConn::ModemMeta2ApMeta ====> (MetaApp_ConnObj.cpp:2176)
12/06/23 17:34:28.410 [11908][10472]: MetaAppConn::ModemToAp <==== (MetaApp_ConnObj.cpp:2215)
12/06/23 17:34:37.796 [11908][10472]: MetaAppConn::DisConnectMeta_r ====> (MetaApp_ConnObj.cpp:2252)
12/06/23 17:34:37.796 [11908][10472]: binaryStructSize:8, argStructSize:8 (MetaApp_ConnObj.cpp:246)
12/06/23 17:34:38.016 [11908][10472]: SP_META_SetCleanBootFlag_r pass (MetaApp_ConnObj.cpp:2280)
12/06/23 17:34:38.016 [11908][10472]: MetaAppConn::RebootMD ====> (MetaApp_ConnObj.cpp:275)
12/06/23 17:34:38.016 [11908][10472]: modem_index(0)[0: Send AT command to modem1   2: Send AT command to modem3] (MetaApp_ConnObj.cpp:284)
12/06/23 17:34:38.016 [11908][10472]: mode(1)[1: Reboot to normal mode	 2: Reboot to meta mode ] (MetaApp_ConnObj.cpp:285)
12/06/23 17:34:38.565 [11908][10472]: MetaAppConn::RebootMD <==== (MetaApp_ConnObj.cpp:292)
12/06/23 17:34:38.565 [11908][10472]: just disconnect meta(close com port,without power off phone) (MetaApp_ConnObj.cpp:2326)
12/06/23 17:34:38.765 [11908][10472]: MetaAppConn::DisConnectMeta_r <==== (MetaApp_ConnObj.cpp:2383)
